<?xml version="1.0" encoding="UTF-8"?>
<!-- Generated by org.testng.reporters.JUnitXMLReporter -->
<testsuite ignored="0" hostname="Abhi" failures="0" tests="4" name="Default test" time="16.213" errors="0" timestamp="2026-04-20T16:02:48 IST">
  <testcase classname="testcases.LoginTest" name="verifyLogin" time="3.061"/>
  <testcase classname="testcases.LoginTest" name="verifyLogin" time="2.499"/>
  <testcase classname="testcases.LoginTest" name="verifyLogin" time="1.888"/>
  <testcase classname="testcases.LoginTest" name="verifyLogin" time="1.38"/>
</testsuite> <!-- Default test -->
