<?xml version="1.0" encoding="UTF-8"?>
<!-- Generated by org.testng.reporters.JUnitXMLReporter -->
<testsuite ignored="0" hostname="Abhi" failures="0" tests="6" name="All Tests" time="251.204" errors="0" timestamp="2026-04-21T11:28:05 IST">
  <testcase classname="testcases.LoginTest" name="verifyLogin" time="24.724"/>
  <testcase classname="testcases.LoginTest" name="verifyLogin" time="28.144"/>
  <testcase classname="testcases.LoginTest" name="verifyLogin" time="48.536"/>
  <testcase classname="testcases.LoginTest" name="verifyLogin" time="6.014"/>
  <testcase classname="testcases.LogoutTest" name="verifyLogout" time="20.108"/>
  <testcase classname="testcases.AddEmployeeTest" name="verifyAddEmployeeFullFlow" time="56.159"/>
</testsuite> <!-- All Tests -->
