<?xml version="1.0" encoding="UTF-8"?>
<testng-results ignored="0" total="6" passed="6" failed="0" skipped="0">
  <reporter-output>
  </reporter-output>
  <suite started-at="2026-04-21T11:23:53 IST" name="OrangeHRM Suite" finished-at="2026-04-21T11:28:04 IST" duration-ms="251204">
    <groups>
    </groups>
    <test started-at="2026-04-21T11:23:53 IST" name="All Tests" finished-at="2026-04-21T11:28:04 IST" duration-ms="251204">
      <class name="testcases.AddEmployeeTest">
        <test-method is-config="true" signature="setup()[pri:0, instance:testcases.AddEmployeeTest@77f1baf5]" started-at="2026-04-21T11:26:57 IST" name="setup" finished-at="2026-04-21T11:27:08 IST" duration-ms="10268" status="PASS">
          <reporter-output>
          </reporter-output>
        </test-method> <!-- setup -->
        <test-method signature="verifyAddEmployeeFullFlow()[pri:0, instance:testcases.AddEmployeeTest@77f1baf5]" started-at="2026-04-21T11:27:08 IST" name="verifyAddEmployeeFullFlow" finished-at="2026-04-21T11:28:04 IST" duration-ms="56159" status="PASS">
          <reporter-output>
          </reporter-output>
        </test-method> <!-- verifyAddEmployeeFullFlow -->
        <test-method is-config="true" signature="tearDown()[pri:0, instance:testcases.AddEmployeeTest@77f1baf5]" started-at="2026-04-21T11:28:04 IST" name="tearDown" finished-at="2026-04-21T11:28:04 IST" duration-ms="253" status="PASS">
          <reporter-output>
          </reporter-output>
        </test-method> <!-- tearDown -->
      </class> <!-- testcases.AddEmployeeTest -->
      <class name="testcases.LogoutTest">
        <test-method is-config="true" signature="setup()[pri:0, instance:testcases.LogoutTest@7d20d0b]" started-at="2026-04-21T11:26:14 IST" name="setup" finished-at="2026-04-21T11:26:37 IST" duration-ms="22458" status="PASS">
          <reporter-output>
          </reporter-output>
        </test-method> <!-- setup -->
        <test-method signature="verifyLogout()[pri:0, instance:testcases.LogoutTest@7d20d0b]" started-at="2026-04-21T11:26:37 IST" name="verifyLogout" finished-at="2026-04-21T11:26:57 IST" duration-ms="20108" status="PASS">
          <reporter-output>
          </reporter-output>
        </test-method> <!-- verifyLogout -->
        <test-method is-config="true" signature="tearDown()[pri:0, instance:testcases.LogoutTest@7d20d0b]" started-at="2026-04-21T11:26:57 IST" name="tearDown" finished-at="2026-04-21T11:26:57 IST" duration-ms="276" status="PASS">
          <reporter-output>
          </reporter-output>
        </test-method> <!-- tearDown -->
      </class> <!-- testcases.LogoutTest -->
      <class name="testcases.LoginTest">
        <test-method is-config="true" signature="setup()[pri:0, instance:testcases.LoginTest@544fa968]" started-at="2026-04-21T11:23:53 IST" name="setup" finished-at="2026-04-21T11:24:24 IST" duration-ms="31302" status="PASS">
          <reporter-output>
          </reporter-output>
        </test-method> <!-- setup -->
        <test-method signature="verifyLogin(int,java.lang.String,java.lang.String,java.lang.String)[pri:0, instance:testcases.LoginTest@544fa968]" started-at="2026-04-21T11:24:27 IST" name="verifyLogin" data-provider="loginData" finished-at="2026-04-21T11:24:51 IST" duration-ms="24724" status="PASS">
          <params>
            <param index="0">
              <value>
                <![CDATA[1]]>
              </value>
            </param>
            <param index="1">
              <value>
                <![CDATA[Admin]]>
              </value>
            </param>
            <param index="2">
              <value>
                <![CDATA[admin123]]>
              </value>
            </param>
            <param index="3">
              <value>
                <![CDATA[valid]]>
              </value>
            </param>
          </params>
          <reporter-output>
          </reporter-output>
        </test-method> <!-- verifyLogin -->
        <test-method signature="verifyLogin(int,java.lang.String,java.lang.String,java.lang.String)[pri:0, instance:testcases.LoginTest@544fa968]" started-at="2026-04-21T11:24:51 IST" name="verifyLogin" data-provider="loginData" finished-at="2026-04-21T11:25:20 IST" duration-ms="28144" status="PASS">
          <params>
            <param index="0">
              <value>
                <![CDATA[2]]>
              </value>
            </param>
            <param index="1">
              <value>
                <![CDATA[Admin]]>
              </value>
            </param>
            <param index="2">
              <value>
                <![CDATA[wrong]]>
              </value>
            </param>
            <param index="3">
              <value>
                <![CDATA[invalid]]>
              </value>
            </param>
          </params>
          <reporter-output>
          </reporter-output>
        </test-method> <!-- verifyLogin -->
        <test-method signature="verifyLogin(int,java.lang.String,java.lang.String,java.lang.String)[pri:0, instance:testcases.LoginTest@544fa968]" started-at="2026-04-21T11:25:20 IST" name="verifyLogin" data-provider="loginData" finished-at="2026-04-21T11:26:08 IST" duration-ms="48536" status="PASS">
          <params>
            <param index="0">
              <value>
                <![CDATA[3]]>
              </value>
            </param>
            <param index="1">
              <value>
                <![CDATA[wrong]]>
              </value>
            </param>
            <param index="2">
              <value>
                <![CDATA[admin123]]>
              </value>
            </param>
            <param index="3">
              <value>
                <![CDATA[invalid]]>
              </value>
            </param>
          </params>
          <reporter-output>
          </reporter-output>
        </test-method> <!-- verifyLogin -->
        <test-method signature="verifyLogin(int,java.lang.String,java.lang.String,java.lang.String)[pri:0, instance:testcases.LoginTest@544fa968]" started-at="2026-04-21T11:26:08 IST" name="verifyLogin" data-provider="loginData" finished-at="2026-04-21T11:26:14 IST" duration-ms="6014" status="PASS">
          <params>
            <param index="0">
              <value>
                <![CDATA[4]]>
              </value>
            </param>
            <param index="1">
              <value>
                <![CDATA[]]>
              </value>
            </param>
            <param index="2">
              <value>
                <![CDATA[]]>
              </value>
            </param>
            <param index="3">
              <value>
                <![CDATA[]]>
              </value>
            </param>
          </params>
          <reporter-output>
          </reporter-output>
        </test-method> <!-- verifyLogin -->
        <test-method is-config="true" signature="tearDown()[pri:0, instance:testcases.LoginTest@544fa968]" started-at="2026-04-21T11:26:14 IST" name="tearDown" finished-at="2026-04-21T11:26:14 IST" duration-ms="350" status="PASS">
          <reporter-output>
          </reporter-output>
        </test-method> <!-- tearDown -->
      </class> <!-- testcases.LoginTest -->
    </test> <!-- All Tests -->
  </suite> <!-- OrangeHRM Suite -->
</testng-results>
