<?xml version="1.0" encoding="UTF-8"?>
<!-- Generated by org.testng.reporters.JUnitReportReporter -->
<testsuite hostname="Abhi" failures="0" tests="4" name="testcases.LoginTest" time="107.418" errors="0" timestamp="2026-04-21T11:28:06 IST" skipped="0">
  <testcase classname="testcases.LoginTest" name="verifyLogin" time="6.014"/>
  <testcase classname="testcases.LoginTest" name="verifyLogin" time="24.724"/>
  <testcase classname="testcases.LoginTest" name="verifyLogin" time="48.536"/>
  <testcase classname="testcases.LoginTest" name="verifyLogin" time="28.144"/>
</testsuite> <!-- testcases.LoginTest -->
